<?xml version="1.0" encoding="UTF-8"?>
<testsuite xmlns:xsi="http://www.w3.org/2001/XMLSchema-instance" xsi:noNamespaceSchemaLocation="https://maven.apache.org/surefire/maven-surefire-plugin/xsd/surefire-test-report-3.0.xsd" version="3.0" name="com.petstore.repository.ProductRepositoryTest" time="0.941" tests="5" errors="0" skipped="5" failures="0">
  <properties>
[...]
</properties>
  <testcase name="testFindAll" classname="com.petstore.repository.ProductRepositoryTest" time="0">
    <skipped message="void com.petstore.repository.ProductRepositoryTest.testFindAll() is @Disabled"/>
    <system-out><![CDATA[2025-06-26T11:27:11.946+01:00  INFO 844129 --- [           main] t.c.s.AnnotationConfigContextLoaderUtils : Could not detect default configuration classes for test class [com.petstore.repository.ProductRepositoryTest]: ProductRepositoryTest does not declare any static, non-private, non-final, nested classes annotated with @Configuration.
2025-06-26T11:27:12.130+01:00  INFO 844129 --- [           main] .b.t.c.SpringBootTestContextBootstrapper : Found @SpringBootConfiguration com.petstore.PetAccessoriesStoreApplication for test class com.petstore.repository.ProductRepositoryTest

  .   ____          _            __ _ _
 /\\ / ___'_ __ _ _(_)_ __  __ _ \ \ \ \
( ( )\___ | '_ | '_| | '_ \/ _` | \ \ \ \
 \\/  ___)| |_)| | | | | || (_| |  ) ) ) )
  '  |____| .__|_| |_|_| |_\__, | / / / /
 =========|_|==============|___/=/_/_/_/
 :: Spring Boot ::                (v3.1.5)

2025-06-26T11:27:12.266+01:00  INFO 844129 --- [           main] c.p.repository.ProductRepositoryTest     : Starting ProductRepositoryTest using Java 21.0.7 with PID 844129 (started by tosca in /home/tosca/pet-accessories-store)
2025-06-26T11:27:12.267+01:00  INFO 844129 --- [           main] c.p.repository.ProductRepositoryTest     : No active profile set, falling back to 1 default profile: "default"
2025-06-26T11:27:12.395+01:00  INFO 844129 --- [           main] .s.d.r.c.RepositoryConfigurationDelegate : Bootstrapping Spring Data JPA repositories in DEFAULT mode.
2025-06-26T11:27:12.434+01:00  INFO 844129 --- [           main] .s.d.r.c.RepositoryConfigurationDelegate : Finished Spring Data repository scanning in 36 ms. Found 1 JPA repository interfaces.
2025-06-26T11:27:12.501+01:00  INFO 844129 --- [           main] beddedDataSourceBeanFactoryPostProcessor : Replacing 'dataSource' DataSource bean with embedded version
2025-06-26T11:27:12.582+01:00  INFO 844129 --- [           main] o.s.j.d.e.EmbeddedDatabaseFactory        : Starting embedded database: url='jdbc:h2:mem:022d6af9-556b-40ca-a0a2-8c8ef4d53484;DB_CLOSE_DELAY=-1;DB_CLOSE_ON_EXIT=false', username='sa'
2025-06-26T11:27:12.630+01:00  INFO 844129 --- [           main] o.hibernate.jpa.internal.util.LogHelper  : HHH000204: Processing PersistenceUnitInfo [name: default]
2025-06-26T11:27:12.644+01:00  INFO 844129 --- [           main] o.s.o.j.p.SpringPersistenceUnitInfo      : No LoadTimeWeaver setup: ignoring JPA class transformer
2025-06-26T11:27:12.653+01:00  WARN 844129 --- [           main] org.hibernate.orm.deprecation            : HHH90000025: H2Dialect does not need to be specified explicitly using 'hibernate.dialect' (remove the property setting and it will be selected by default)
2025-06-26T11:27:12.710+01:00  INFO 844129 --- [           main] o.h.e.t.j.p.i.JtaPlatformInitiator       : HHH000489: No JTA platform available (set 'hibernate.transaction.jta.platform' to enable JTA platform integration)
Hibernate: drop table if exists products cascade 
Hibernate: create table products (price numeric(38,2) not null, stock integer, id bigint generated by default as identity, category varchar(255) check (category in ('TOYS','FOOD','ACCESSORIES','GROOMING','BEDS','COLLARS')), description TEXT, image_url varchar(255), name varchar(255) not null, primary key (id))
2025-06-26T11:27:12.715+01:00  INFO 844129 --- [           main] j.LocalContainerEntityManagerFactoryBean : Initialized JPA EntityManagerFactory for persistence unit 'default'
2025-06-26T11:27:12.829+01:00  INFO 844129 --- [           main] c.p.repository.ProductRepositoryTest     : Started ProductRepositoryTest in 0.677 seconds (process running for 30.895)
]]></system-out>
  </testcase>
  <testcase name="testFindByNameContainingIgnoreCase" classname="com.petstore.repository.ProductRepositoryTest" time="0">
    <skipped message="void com.petstore.repository.ProductRepositoryTest.testFindByNameContainingIgnoreCase() is @Disabled"/>
  </testcase>
  <testcase name="testFindByCategory" classname="com.petstore.repository.ProductRepositoryTest" time="0">
    <skipped message="void com.petstore.repository.ProductRepositoryTest.testFindByCategory() is @Disabled"/>
  </testcase>
  <testcase name="testFindByNameContainingIgnoreCase_PartialMatch" classname="com.petstore.repository.ProductRepositoryTest" time="0">
    <skipped message="void com.petstore.repository.ProductRepositoryTest.testFindByNameContainingIgnoreCase_PartialMatch() is @Disabled"/>
  </testcase>
  <testcase name="testSaveAndFindById" classname="com.petstore.repository.ProductRepositoryTest" time="0">
    <skipped message="void com.petstore.repository.ProductRepositoryTest.testSaveAndFindById() is @Disabled"/>
  </testcase>
</testsuite>